This is TeX, Version 3.14159 (Web2C 7.4.5) (format=latex 2004.12.17)  14 JUL 2005 09:44
**algebra
(./algebra.tex
LaTeX2e <2001/06/01>
Babel <v3.7h> and hyphenation patterns for american, french, german, ngerman, n
ohyphenation, loaded.
(/usr/share/texmf/tex/latex/base/article.cls
Document Class: article 2001/04/21 v1.4e Standard LaTeX document class
(/usr/share/texmf/tex/latex/base/size12.clo
File: size12.clo 2001/04/21 v1.4e Standard LaTeX file (size option)
)
\c@part=\count79
\c@section=\count80
\c@subsection=\count81
\c@subsubsection=\count82
\c@paragraph=\count83
\c@subparagraph=\count84
\c@figure=\count85
\c@table=\count86
\abovecaptionskip=\skip41
\belowcaptionskip=\skip42
\bibindent=\dimen102
)
(/usr/share/texmf/tex/generic/xypic/xy.sty
(/usr/share/texmf/tex/generic/xypic/xy.tex Bootstrap'ing: catcodes, docmode,
(/usr/share/texmf/tex/generic/xypic/xyrecat.tex)
(/usr/share/texmf/tex/generic/xypic/xyidioms.tex)

 Xy-pic version 3.7 <1999/02/16>
 Copyright (c) 1991-1998 by Kristoffer H. Rose <krisrose@ens-lyon.fr>
 Xy-pic is free software: see the User's Guide for details.

Loading kernel: messages; fonts; allocations: state,
\X@c=\dimen103
\Y@c=\dimen104
\U@c=\dimen105
\D@c=\dimen106
\L@c=\dimen107
\R@c=\dimen108
\Edge@c=\toks14
\X@p=\dimen109
\Y@p=\dimen110
\U@p=\dimen111
\D@p=\dimen112
\L@p=\dimen113
\R@p=\dimen114
\Edge@p=\toks15
\X@origin=\dimen115
\Y@origin=\dimen116
\X@xbase=\dimen117
\Y@xbase=\dimen118
\X@ybase=\dimen119
\Y@ybase=\dimen120
\X@min=\dimen121
\Y@min=\dimen122
\X@max=\dimen123
\Y@max=\dimen124
\lastobjectbox@=\box26
\zerodotbox@=\box27
\almostz@=\dimen125
 direction,
\d@X=\dimen126
\d@Y=\dimen127
\K@=\count87
\KK@=\count88
\Direction=\count89
\K@dXdY=\dimen128
\K@dYdX=\dimen129
\xyread@=\read1
\xywrite@=\write3
\csp@=\count90
\quotPTK@=\dimen130

utility macros; pictures: \xy, positions,
\swaptoks@@=\toks16
\connectobjectbox@@=\box28
 objects,
\styletoks@=\toks17
 decorations;
kernel objects: directionals, circles, text; options; algorithms: directions,
edges, connections;  Xy-pic loaded)
Package: xy 1999/02/16 Xy-pic version 3.7

(/usr/share/texmf/tex/generic/xypic/xycmtip.tex
 Xy-pic option: Computer Modern tip extension v.3.3
(/usr/share/texmf/tex/generic/xypic/xytips.tex
 Xy-pic option: More Tips extension v.3.3 loaded) loaded)
(/usr/share/texmf/tex/generic/xypic/xyarrow.tex
 Xy-pic option: Arrow and Path feature v.3.5 path, \ar, loaded))
(/usr/share/texmf/tex/latex/amsfonts/amssymb.sty
Package: amssymb 2002/01/22 v2.2d

(/usr/share/texmf/tex/latex/amsfonts/amsfonts.sty
Package: amsfonts 2001/10/25 v2.2f
\@emptytoks=\toks18
\symAMSa=\mathgroup4
\symAMSb=\mathgroup5
LaTeX Font Info:    Overwriting math alphabet `\mathfrak' in version `bold'
(Font)                  U/euf/m/n --> U/euf/b/n on input line 132.
))
(/usr/share/texmf/tex/latex/amscls/amsthm.sty
Package: amsthm 2000/10/26 v2.08
\thm@style=\toks19
\thm@bodyfont=\toks20
\thm@headfont=\toks21
\thm@notefont=\toks22
\thm@headpunct=\toks23
\thm@preskip=\skip43
\thm@postskip=\skip44
\thm@headsep=\skip45
\dth@everypar=\toks24
)
(/usr/share/texmf/tex/latex/amsmath/amsmath.sty
Package: amsmath 2000/07/18 v2.13 AMS math features
\@mathmargin=\skip46

For additional information on amsmath, use the `?' option.
(/usr/share/texmf/tex/latex/amsmath/amstext.sty
Package: amstext 2000/06/29 v2.01

(/usr/share/texmf/tex/latex/amsmath/amsgen.sty
File: amsgen.sty 1999/11/30 v2.0
\@emptytoks=\toks25
\ex@=\dimen131
))
(/usr/share/texmf/tex/latex/amsmath/amsbsy.sty
Package: amsbsy 1999/11/29 v1.2d
\pmbraise@=\dimen132
)
(/usr/share/texmf/tex/latex/amsmath/amsopn.sty
Package: amsopn 1999/12/14 v2.01 operator names
)
\inf@bad=\count91
LaTeX Info: Redefining \frac on input line 211.
\uproot@=\count92
\leftroot@=\count93
LaTeX Info: Redefining \overline on input line 307.
\classnum@=\count94
\DOTSCASE@=\count95
LaTeX Info: Redefining \ldots on input line 379.
LaTeX Info: Redefining \dots on input line 382.
LaTeX Info: Redefining \cdots on input line 467.
\Mathstrutbox@=\box29
\strutbox@=\box30
\big@size=\dimen133
LaTeX Font Info:    Redeclaring font encoding OML on input line 567.
LaTeX Font Info:    Redeclaring font encoding OMS on input line 568.
\macc@depth=\count96
\c@MaxMatrixCols=\count97
\dotsspace@=\muskip10
\c@parentequation=\count98
\dspbrk@lvl=\count99
\tag@help=\toks26
\row@=\count100
\column@=\count101
\maxfields@=\count102
\andhelp@=\toks27
\eqnshift@=\dimen134
\alignsep@=\dimen135
\tagshift@=\dimen136
\tagwidth@=\dimen137
\totwidth@=\dimen138
\lineht@=\dimen139
\@envbody=\toks28
\multlinegap=\skip47
\multlinetaggap=\skip48
\mathdisplay@stack=\toks29
LaTeX Info: Redefining \[ on input line 2666.
LaTeX Info: Redefining \] on input line 2667.
)
(/usr/share/texmf/tex/generic/german/ngerman.sty v2.5e 1998-07-08
Package: ngerman 1998/07/08 v2.5e Support for writing german texts (br)
\grmnU@D=\dimen140
)
(/usr/share/texmf/tex/latex/base/makeidx.sty
Package: makeidx 2000/03/29 v1.0m Standard LaTeX package
)
(/usr/share/texmf/tex/latex/graphics/color.sty
Package: color 1999/02/16 v1.0i Standard LaTeX Color (DPC)

(/usr/share/texmf/tex/latex/config/color.cfg
File: color.cfg 2001/08/31 v1.1 color configuration of teTeX/TeXLive
)
Package color Info: Driver file: dvips.def on input line 125.

(/usr/share/texmf/tex/latex/graphics/dvips.def
File: dvips.def 1999/02/16 v3.0i Driver-dependant file (DPC,SPQR)
)
(/usr/share/texmf/tex/latex/graphics/dvipsnam.def
File: dvipsnam.def 1999/02/16 v3.0i Driver-dependant file (DPC,SPQR)
))
(/usr/share/texmf/tex/latex/pb-diagram/pb-diagram.sty
\dgARROWLENGTH=\skip49
\dgTEXTARROWLENGTH=\skip50
\dgHORIZPAD=\skip51
\dgVERTPAD=\skip52
\dgLABELOFFSET=\skip53
\dgARROWPARTS=\count103
\dgDOTSPACING=\skip54
\dgDOTSIZE=\skip55
\dgMAXSQUARE=\count104
\dgMINDBLSQ=\count105
\dgCOLUMNWIDTH=\skip56
\dg@HORIZ=\count106
\dg@VERT=\count107
\dg@XLPAD=\count108
\dg@YBPAD=\count109
\dg@XRPAD=\count110
\dg@YTPAD=\count111
\dg@X=\count112
\dg@Y=\count113
\dg@XGRID=\count114
\dg@YGRID=\count115
\dg@SIZE=\count116
\dg@USERSIZE=\count117
\dg@DX=\count118
\dg@DY=\count119
\dg@XLBL=\count120
\dg@YLBL=\count121
\dg@XOFFSET=\count122
\dg@YOFFSET=\count123
\dg@LBLOFF=\count124
\dg@XLBLOFF=\count125
\dg@YLBLOFF=\count126
\dg@LBLPOS=\count127
\dg@XTEMP=\count128
\dg@YTEMP=\count129
\dg@ZTEMP=\count130
\dg@XNODE=\count131
\dg@YNODE=\count132
\dg@XEND=\count133
\dg@YEND=\count134
\dg@WEND=\count135
\dg@HEND=\count136
\dg@COUNT=\count137
\dg@NODEBOX=\box31
\dg@LABONEBOX=\box32
\dg@LABTWOBOX=\box33
)
(/usr/share/texmf/tex/latex/pb-diagram/pb-xy.sty
\PBXYxsize=\count138
\PBXYysize=\count139
)
(/usr/share/texmf/tex/latex/tools/verbatim.sty
Package: verbatim 2001/03/12 v1.5p LaTeX2e package for verbatim enhancements
\every@verbatim=\toks30
\verbatim@line=\toks31
\verbatim@in@stream=\read2
)
(/usr/share/texmf/tex/latex/graphics/graphicx.sty
Package: graphicx 1999/02/16 v1.0f Enhanced LaTeX Graphics (DPC,SPQR)

(/usr/share/texmf/tex/latex/graphics/keyval.sty
Package: keyval 1999/03/16 v1.13 key=value parser (DPC)
\KV@toks@=\toks32
)
(/usr/share/texmf/tex/latex/graphics/graphics.sty
Package: graphics 2001/07/07 v1.0n Standard LaTeX Graphics (DPC,SPQR)

(/usr/share/texmf/tex/latex/graphics/trig.sty
Package: trig 1999/03/16 v1.09 sin cos tan (DPC)
)
(/usr/share/texmf/tex/latex/config/graphics.cfg
File: graphics.cfg 2001/08/31 v1.1 graphics configuration of teTeX/TeXLive
)
Package graphics Info: Driver file: dvips.def on input line 80.
)
\Gin@req@height=\dimen141
\Gin@req@width=\dimen142
)
\@indexfile=\write4
\openout4 = `algebra.idx'.


Writing index file algebra.idx
(/home/mueller/Tex/Inputs/latams.tex
\c@Theorem=\count140
\c@Corollary*=\count141
\c@Step*=\count142
\c@Question*=\count143
 (/home/mueller/Tex/Inputs/latmac.tex))
(./algebra.aux)
\openout1 = `algebra.aux'.

LaTeX Font Info:    Checking defaults for OML/cmm/m/it on input line 17.
LaTeX Font Info:    ... okay on input line 17.
LaTeX Font Info:    Checking defaults for T1/cmr/m/n on input line 17.
LaTeX Font Info:    ... okay on input line 17.
LaTeX Font Info:    Checking defaults for OT1/cmr/m/n on input line 17.
LaTeX Font Info:    ... okay on input line 17.
LaTeX Font Info:    Checking defaults for OMS/cmsy/m/n on input line 17.
LaTeX Font Info:    ... okay on input line 17.
LaTeX Font Info:    Checking defaults for OMX/cmex/m/n on input line 17.
LaTeX Font Info:    ... okay on input line 17.
LaTeX Font Info:    Checking defaults for U/cmr/m/n on input line 17.
LaTeX Font Info:    ... okay on input line 17.
LaTeX Font Info:    Try loading font information for U+msa on input line 21.
 (/usr/share/texmf/tex/latex/amsfonts/umsa.fd
File: umsa.fd 2002/01/19 v2.2g AMS font definitions
)
LaTeX Font Info:    Try loading font information for U+msb on input line 21.

(/usr/share/texmf/tex/latex/amsfonts/umsb.fd
File: umsb.fd 2002/01/19 v2.2g AMS font definitions
)
Overfull \hbox (19.52672pt too wide) in paragraph at lines 21--21
 [][] 
 []

(./algebra.toc [1

])
\tf@toc=\write5
\openout5 = `algebra.toc'.

 [2]
LaTeX Font Info:    Try loading font information for OMS+cmr on input line 27.
 (/usr/share/texmf/tex/latex/base/omscmr.fd
File: omscmr.fd 1999/05/25 v2.5h Standard LaTeX font definitions
)
LaTeX Font Info:    Font shape `OMS/cmr/m/n' in size <12> not available
(Font)              Font shape `OMS/cmsy/m/n' tried instead on input line 27.

Overfull \hbox (0.85283pt too wide) in paragraph at lines 49--52
\OT1/cmr/m/n/12 In der Al-ge-bra ha-ben sich wich-ti-ge Be-grif-fe her-aus-kris
-tal-li-siert, n[]amlich Grup-
 []

[3] [4] [5] [6] [7] [8]
Overfull \hbox (15.84616pt too wide) in paragraph at lines 311--315
\OT1/cmr/m/n/12 be-lie-big. We-gen $[](\OML/cmm/m/it/12 B[]AB\OT1/cmr/m/n/12 ) 
= [](\OML/cmm/m/it/12 B\OT1/cmr/m/n/12 )[] [](\OML/cmm/m/it/12 A\OT1/cmr/m/n/12
 ) [](\OML/cmm/m/it/12 B\OT1/cmr/m/n/12 ) = 1$ gilt $\OML/cmm/m/it/12 B[]AB \OM
S/cmsy/m/n/12 2
 []

[9] [10] [11]
Overfull \hbox (38.0076pt too wide) in paragraph at lines 485--489
\OT1/cmr/m/n/12 wo-bei wir $\OML/cmm/m/it/12 a[] \OT1/cmr/m/n/12 = \OML/cmm/m/i
t/12 u$ \OT1/cmr/m/n/12 und $\OML/cmm/m/it/12 b[] \OT1/cmr/m/n/12 = \OML/cmm/m/
it/12 v$ \OT1/cmr/m/n/12 an-neh-men d[]urfen. Aus $(\OML/cmm/m/it/12 a[] [] a[]
\OT1/cmr/m/n/12 )(\OML/cmm/m/it/12 b[] [] b[]\OT1/cmr/m/n/12 )(\OML/cmm/m/it/12
 a[] b[]\OT1/cmr/m/n/12 ) =
 []

[12] [13] [14] [15]
Overfull \hbox (26.2741pt too wide) in paragraph at lines 703--705
[]\OT1/cmr/m/it/12 Seien $\OML/cmm/m/it/12 G$ \OT1/cmr/m/it/12 ei-ne Grup-pe mi
t Nor-mal-tei-lern $\OML/cmm/m/it/12 N \OMS/cmsy/m/n/12 ^^R \OML/cmm/m/it/12 M$
\OT1/cmr/m/it/12 . Dann gilt $\OT1/cmr/m/n/12 (\OML/cmm/m/it/12 G=N\OT1/cmr/m/n
/12 )\OML/cmm/m/it/12 =\OT1/cmr/m/n/12 (\OML/cmm/m/it/12 M=N\OT1/cmr/m/n/12 ) [
]
 []

[16] [17] [18] [19] [20]
Overfull \hbox (0.37181pt too wide) in paragraph at lines 930--937
\OT1/cmr/m/n/12 end-li-chen In-dex wegl[]asst. In der Theo-rie der so-ge-nann-t
en al-ge-brai-schen Grup-
 []

[21]
Overfull \hbox (3.69041pt too wide) in paragraph at lines 997--999
[]\OT1/cmr/m/n/12 Aus $\OML/cmm/m/it/12 G[] \U/msa/m/n/12 E \OML/cmm/m/it/12 G$
 \OT1/cmr/m/n/12 folgt, wie im Be-weis des obi-gen Lem-mas, dass $\OML/cmm/m/it
/12 a[]b[]ab \OMS/cmsy/m/n/12 2
 []

[22]
Overfull \hbox (3.33412pt too wide) in paragraph at lines 1019--1026
[]\OT1/cmr/m/n/12 Es gel-te nun (a), (b) und (c). Dann ist die nat[]urli-che Ab
-bil-dung $[][] \OML/cmm/m/it/12 G[] \OMS/cmsy/m/n/12 !
 []


Overfull \hbox (17.99776pt too wide) in paragraph at lines 1019--1026
\OT1/cmr/m/n/12 de-fi-niert ist, ein Epi-mor-phis-mus. Sei $(\OML/cmm/m/it/12 g
[]; g[]; [] ; g[]\OT1/cmr/m/n/12 )$ im Kern, al-so $\OML/cmm/m/it/12 g[]g[] [] 
g[] \OT1/cmr/m/n/12 =
 []

[23] [24] [25] [26]
Overfull \hbox (48.50784pt too wide) in paragraph at lines 1229--1234
[]\OT1/cmr/m/n/12 Der nat[]urli-che Epi-mor-phis-mus $\OML/cmm/m/it/12 G \OMS/c
msy/m/n/12 ! [] \OML/cmm/m/it/12 G[]=N[]$\OT1/cmr/m/n/12 , der $(\OML/cmm/m/it/
12 g[]; [] ; g[]\OT1/cmr/m/n/12 )$ auf $(\OML/cmm/m/it/12 N[]g[]; [] ; N[]g[]\O
T1/cmr/m/n/12 )$
 []

[27] [28] [diagram 1 . . . ] [29] [30] [31]
Overfull \hbox (0.7846pt too wide) in paragraph at lines 1458--1467
\OT1/cmr/m/n/12 grup-pen von $\OML/cmm/m/it/12 G$ \OT1/cmr/m/n/12 sind. Nach In
-duk-ti-on be-sit-zen die-se Grup-pen $\OML/cmm/m/it/12 p$\OT1/cmr/m/n/12 -Sylo
wgruppen.
 []


Overfull \hbox (4.96503pt too wide) in paragraph at lines 1498--1499
[]\OT1/cmr/m/n/12 Diesen Be-weis zer-le-gen wir in ei-ne Se-rie von []Ubungs-
 []

[32]
Overfull \hbox (1.50871pt too wide) in paragraph at lines 1518--1522
[]\OT1/cmr/m/n/12 Zeige, dass die Grup-pe der ech-ten obe-ren Drei-ecks-ma-tri-
zen von $[][](\U/msb/m/n/12 F[]\OT1/cmr/m/n/12 )$
 []

[33] [34] [35] [36]
Underfull \vbox (badness 10000) has occurred while \output is active []

 [37]
[38] [39] [40] [41] [42] [43] [44] [45]
Overfull \hbox (55.88203pt too wide) in paragraph at lines 2189--2192
[]\OT1/cmr/bx/n/12 Lemma 3.21. []\OT1/cmr/m/it/12 Sei-en $\OML/cmm/m/it/12 f; g
 \OMS/cmsy/m/n/12 2 \OML/cmm/m/it/12 R\OT1/cmr/m/n/12 [\OML/cmm/m/it/12 X\OT1/c
mr/m/n/12 ]$ \OT1/cmr/m/it/12 Po-ly-no-me. Dann gilt $[]\OT1/cmr/m/n/12 (\OML/c
mm/m/it/12 f \OT1/cmr/m/n/12 + \OML/cmm/m/it/12 g\OT1/cmr/m/n/12 ) \OMS/cmsy/m/
n/12 ^^T []\OT1/cmr/m/n/12 ([] \OML/cmm/m/it/12 f; [] g\OT1/cmr/m/n/12 )$
 []

[46]
Overfull \hbox (1.01265pt too wide) in paragraph at lines 2242--2245
[]\OT1/cmr/bx/n/12 Bemerkung. []\OT1/cmr/m/n/12 Obi-ge Aus-sa-ge wird im all-ge
-mei-nen falsch, wenn $\OML/cmm/m/it/12 R$ \OT1/cmr/m/n/12 kein K[]orper
 []

[47] [48] [49] [50] [51] [52] [53] [54] [55]
Overfull \hbox (14.80309pt too wide) in paragraph at lines 2659--2661
[]\OT1/cmr/bx/n/12 Korollar 3.43. []\OT1/cmr/m/it/12 Sei $\OML/cmm/m/it/12 K$ \
OT1/cmr/m/it/12 ein K[]orper. Dann ist der Po-ly-nom-ring $\OML/cmm/m/it/12 K\O
T1/cmr/m/n/12 [\OML/cmm/m/it/12 X[]; X[]; [] ; X[]\OT1/cmr/m/n/12 ]$
 []


Overfull \hbox (5.70682pt too wide) in paragraph at lines 2697--2699
[]\OT1/cmr/m/n/12 Man nennt ein Po-ly-nom mit den Ei-gen-schaf-ten (i)--(iii) a
uch ein \OT1/cmr/m/it/12 Eisenstein-
 []

[56] [57] [58] [59]
Overfull \hbox (5.83476pt too wide) in paragraph at lines 2844--2844
[]\OT1/cmr/bx/n/14.4 K[]orperer-wei-te-run-gen, K[]orper-gra-de und Ho-mo-mor-
 []

[60] [61] [62] [63]
File: lot1.eps Graphic file (type eps)
 <lot1.eps> [64]
File: mult.eps Graphic file (type eps)
 <mult.eps>
File: wurz.eps Graphic file (type eps)
 <wurz.eps> [65] [66] [67]
[68] [69] [70] [71]
Overfull \hbox (28.02953pt too wide) in paragraph at lines 3432--3439
\OT1/cmr/m/n/12 stel-len von $\OML/cmm/m/it/12 f$ []\OT1/cmr/m/n/12 uber $\OML/
cmm/m/it/12 K$ \OT1/cmr/m/n/12 er-zeug-te K[]orper $\OML/cmm/m/it/12 K\OT1/cmr/
m/n/12 (\OML/cmm/m/it/12 ^^K[]; ^^K[]; [] ; ^^K[]\OT1/cmr/m/n/12 )$ hei^^Yt der
 \OT1/cmr/m/it/12 Zerf[]allungsk[]orper[]
 []


Overfull \hbox (0.25005pt too wide) in paragraph at lines 3440--3443
[]\OT1/cmr/m/n/12 Wir sa-hen schon, dass Wur-zelk[]orper ir-re-du-zibler Po-ly-
no-me iso-morph sind,
 []

[72] [73] [diagram 2 . . . ]
Underfull \vbox (badness 1231) has occurred while \output is active []

 [74]
Overfull \hbox (0.15356pt too wide) in paragraph at lines 3556--3560
\OT1/cmr/m/n/12 ne der $[\OML/cmm/m/it/12 E \OT1/cmr/m/n/12 : \OML/cmm/m/it/12 
F\OT1/cmr/m/n/12 ][]$ Fort-set-zun-gen der $[\OML/cmm/m/it/12 F \OT1/cmr/m/n/12
 : \OML/cmm/m/it/12 K\OT1/cmr/m/n/12 ][]$ m[]ogli-chen $\OML/cmm/m/it/12 K$\OT1
/cmr/m/n/12 -Homomorphismen
 []

[75]
Overfull \hbox (1.78198pt too wide) in paragraph at lines 3611--3613
\OT1/cmr/m/n/12 Eine f[]ur die wei-te-re Ent-wick-lung un-ent-behr-li-che Aus-s
a-ge, die auf Abel zur[]uck-
 []


Overfull \hbox (6.44614pt too wide) in paragraph at lines 3624--3627
\OML/cmm/m/it/12 K\OT1/cmr/m/n/12 ] = [\OML/cmm/m/it/12 E \OT1/cmr/m/n/12 : \OM
L/cmm/m/it/12 K\OT1/cmr/m/n/12 ][]$, und sei $\OML/cmm/m/it/12 S$ \OT1/cmr/m/n/
12 die Men-ge der $\OML/cmm/m/it/12 n$ \OT1/cmr/m/n/12 ver-schie-de-nen $\OML/c
mm/m/it/12 K$\OT1/cmr/m/n/12 -Homomorphismen
 []

[76]
Overfull \hbox (0.41765pt too wide) in paragraph at lines 3647--3654
\OT1/cmr/m/n/12 K[]orperer-wei-te-run-gen ist der Be-griff ei-ner nor-ma-len Er
-wei-te-rung zen-tral. Hier-
 []


Overfull \hbox (11.8435pt too wide) in paragraph at lines 3655--3657
[]\OT1/cmr/bx/n/12 Satz 4.30. []\OT1/cmr/m/it/12 Sei $[]$ ein al-ge-brai-scher 
Ab-schluss von $\OML/cmm/m/it/12 K$\OT1/cmr/m/it/12 , und $\OML/cmm/m/it/12 F$ 
\OT1/cmr/m/it/12 ein Zwi-schenk[]orper
 []


Overfull \hbox (19.87383pt too wide) in paragraph at lines 3667--3674
\OT1/cmr/m/n/12 Sei $\OML/cmm/m/it/12 ^^L \OMS/cmsy/m/n/12 2 []$ \OT1/cmr/m/n/1
2 ei-ne be-lie-bi-ge Null-stel-le von $\OML/cmm/m/it/12 f$\OT1/cmr/m/n/12 . Dan
n gibt es einen $\OML/cmm/m/it/12 K$\OT1/cmr/m/n/12 -Homomorphismus
 []

[77] [78] [79]
Overfull \hbox (11.90578pt too wide) in paragraph at lines 3815--3820
[]\OT1/cmr/m/n/12 Es sei $\OML/cmm/m/it/12 F$ \OT1/cmr/m/n/12 ein Zwi-schenk[]o
rper der Ga-loi-ser-wei-te-rung $\OML/cmm/m/it/12 E\OMS/cmsy/m/n/12 j\OML/cmm/m
/it/12 K$\OT1/cmr/m/n/12 , und $\OML/cmm/m/it/12 ^^[ \OMS/cmsy/m/n/12 2 []\OT1/
cmr/m/n/12 (\OML/cmm/m/it/12 E\OMS/cmsy/m/n/12 j\OML/cmm/m/it/12 K\OT1/cmr/m/n/
12 )$.
 []

[80]
Overfull \hbox (7.79709pt too wide) in paragraph at lines 3880--3886
\OT1/cmr/m/n/12 ziblen) Po-ly-noms $\OML/cmm/m/it/12 f\OT1/cmr/m/n/12 (\OML/cmm
/m/it/12 X\OT1/cmr/m/n/12 ) \OMS/cmsy/m/n/12 2 \OML/cmm/m/it/12 K\OT1/cmr/m/n/1
2 [\OML/cmm/m/it/12 X\OT1/cmr/m/n/12 ]$ ver-ste-hen wir die Ga-lois-grup-pe $\O
ML/cmm/m/it/12 G \OT1/cmr/m/n/12 = [](\OML/cmm/m/it/12 L\OMS/cmsy/m/n/12 j\OML/
cmm/m/it/12 K\OT1/cmr/m/n/12 )$,
 []

[81] [82] [83] [84] [85] [86] [87] [88] [89] [90] [91] [92] [93] [94] [95]
[96] [97]
Underfull \vbox (badness 1721) has occurred while \output is active []

 [98]
[99]
Overfull \hbox (43.60316pt too wide) detected at line 4843
\OML/cmm/m/it/12 X[]\OT1/cmr/m/n/12 (\OML/cmm/m/it/12 X[]X[]\OT1/cmr/m/n/12 )[]
 [] (\OML/cmm/m/it/12 X[]X[] [] X[]\OT1/cmr/m/n/12 )[](\OML/cmm/m/it/12 X[]X[] 
[] X[]\OT1/cmr/m/n/12 )[] = \OML/cmm/m/it/12 X[] [] X[] \OT1/cmr/m/n/12 = \OML/
cmm/m/it/12 X[]:
 []

[100]
Overfull \hbox (48.46829pt too wide) in paragraph at lines 4903--4906
[]\OT1/cmr/bx/n/12 Satz 4.70. []\OT1/cmr/m/it/12 Sei $\OML/cmm/m/it/12 n \OMS/c
msy/m/n/12 2 \U/msb/m/n/12 N$ \OT1/cmr/m/it/12 und $\OML/cmm/m/it/12 K$ \OT1/cm
r/m/it/12 ein K[]orper. Dann gibt es ein Po-ly-nom $\OML/cmm/m/it/12 D\OT1/cmr/
m/n/12 (\OML/cmm/m/it/12 Y[]; Y[]; [] ; Y[]\OT1/cmr/m/n/12 ) \OMS/cmsy/m/n/12 2

 []

[101] [102] [103]
Overfull \hbox (1.04402pt too wide) in paragraph at lines 4996--5000
\OT1/cmr/m/n/12 tionen-theo-rie. Aber auch oh-ne Funk-tionen-theo-rie soll-te d
as fol-gen-de verst[]and-
 []


Underfull \vbox (badness 10000) has occurred while \output is active []

 [104]
[105] [106] [107] [108] [109] [110] [111]
Overfull \hbox (0.52646pt too wide) in paragraph at lines 5394--5398
\OT1/cmr/m/n/12 Wie eben folgt durch Be-trach-tung der Po-le, dass die-se Glei-
chung kei-ne L[]osung
 []

(./algebra.ind [112]
Overfull \hbox (3.28416pt too wide) in paragraph at lines 46--47
[]\OT1/cmr/m/n/12 eingeschr[]ank-tes di-rek-te Pro-dukt, 21 
 []


Overfull \hbox (7.20079pt too wide) in paragraph at lines 54--55
[]\OT1/cmr/m/n/12 elementarsymmetrische Po-ly-nom, 99 
 []

[113

]
Overfull \hbox (0.76752pt too wide) in paragraph at lines 161--162
[]\OT1/cmr/m/n/12 primitiven $\OML/cmm/m/it/12 n$\OT1/cmr/m/n/12 -ten Ein-heits
-wur-zel, 84 
 []

[114] [115

])
No file algebra.bbl.
(./algebra.aux) ) 
Here is how much of TeX's memory you used:
 3464 strings out of 95847
 37717 string characters out of 1195961
 118191 words of memory out of 1000001
 6330 multiletter control sequences out of 10000+50000
 15248 words of font info for 61 fonts, out of 500000 for 1000
 14 hyphenation exceptions out of 1000
 27i,25n,36p,227b,814s stack positions out of 1500i,500n,5000p,200000b,5000s

Output written on algebra.dvi (115 pages, 490548 bytes).
